<?xml version="1.0" encoding="UTF-8"?>
<testsuite xmlns:xsi="http://www.w3.org/2001/XMLSchema-instance" xsi:noNamespaceSchemaLocation="https://maven.apache.org/surefire/maven-surefire-plugin/xsd/surefire-test-report-3.0.xsd" version="3.0" name="br.com.dopoke.zintv.ZintvApplicationTests" time="2.714" tests="1" errors="0" skipped="0" failures="0">
  <properties>
[...]
</properties>
  <testcase name="contextLoads" classname="br.com.dopoke.zintv.ZintvApplicationTests" time="0.791">
    <system-out><![CDATA[08:00:37.078 [main] INFO org.springframework.test.context.support.AnnotationConfigContextLoaderUtils -- Could not detect default configuration classes for test class [br.com.dopoke.zintv.ZintvApplicationTests]: ZintvApplicationTests does not declare any static, non-private, non-final, nested classes annotated with @Configuration.
08:00:37.174 [main] INFO org.springframework.boot.test.context.SpringBootTestContextBootstrapper -- Found @SpringBootConfiguration br.com.dopoke.zintv.ZintvApplication for test class br.com.dopoke.zintv.ZintvApplicationTests

  .   ____          _            __ _ _
 /\\ / ___'_ __ _ _(_)_ __  __ _ \ \ \ \
( ( )\___ | '_ | '_| | '_ \/ _` | \ \ \ \
 \\/  ___)| |_)| | | | | || (_| |  ) ) ) )
  '  |____| .__|_| |_|_| |_\__, | / / / /
 =========|_|==============|___/=/_/_/_/
 :: Spring Boot ::                (v3.2.4)

2024-04-08T08:00:37.697-03:00  INFO 18348 --- [zintv] [           main] b.c.dopoke.zintv.ZintvApplicationTests   : Starting ZintvApplicationTests using Java 17.0.7 with PID 18348 (started by mathe in C:\PROJETOS\GIT\zintv\zintv)
2024-04-08T08:00:37.699-03:00  INFO 18348 --- [zintv] [           main] b.c.dopoke.zintv.ZintvApplicationTests   : No active profile set, falling back to 1 default profile: "default"
2024-04-08T08:00:38.201-03:00  INFO 18348 --- [zintv] [           main] b.c.dopoke.zintv.ZintvApplicationTests   : Started ZintvApplicationTests in 0.821 seconds (process running for 1.771)
{"Title":"Brooklyn Nine-Nine","Year":"2013–2021","Rated":"TV-14","Released":"17 Sep 2013","Runtime":"22 min","Genre":"Comedy, Crime","Director":"N/A","Writer":"Dan Goor, Michael Schur","Actors":"Andy Samberg, Stephanie Beatriz, Terry Crews","Plot":"Comedy series following the exploits of Det. Jake Peralta and his diverse, lovable colleagues as they police the NYPD's 99th Precinct.","Language":"English","Country":"United States","Awards":"Won 2 Primetime Emmys. 19 wins & 134 nominations total","Poster":"https://m.media-amazon.com/images/M/MV5BNzVkYWY4NzYtMWFlZi00YzkwLThhZDItZjcxYTU4ZTMzMDZmXkEyXkFqcGdeQXVyODUxOTU0OTg@._V1_SX300.jpg","Ratings":[{"Source":"Internet Movie Database","Value":"8.4/10"}],"Metascore":"N/A","imdbRating":"8.4","imdbVotes":"359,236","imdbID":"tt2467372","Type":"series","totalSeasons":"8","Response":"True"}
]]></system-out>
  </testcase>
</testsuite>